<?xml version="1.0" encoding="UTF-8"?>
<testsuite xmlns:xsi="http://www.w3.org/2001/XMLSchema-instance" xsi:noNamespaceSchemaLocation="https://maven.apache.org/surefire/maven-surefire-plugin/xsd/surefire-test-report-3.0.xsd" version="3.0" name="com.ai.customerservice.dal.ChatHistoryDaoTest" time="0.288" tests="20" errors="0" skipped="0" failures="0">
  <properties>
[...]
</properties>
  <testcase name="findById_shouldReturnEmptyWhenNotExists" classname="com.ai.customerservice.dal.ChatHistoryDaoTest" time="0.158">
    <system-out><![CDATA[18:59:04.871 [main] INFO org.springframework.jdbc.datasource.embedded.EmbeddedDatabaseFactory -- Starting embedded database: url='jdbc:h2:mem:testdb_445773505298000;DB_CLOSE_DELAY=-1;DB_CLOSE_ON_EXIT=false', username='sa'
]]></system-out>
  </testcase>
  <testcase name="updateTransferredToHuman_shouldUpdateSuccessfully" classname="com.ai.customerservice.dal.ChatHistoryDaoTest" time="0.013">
    <system-out><![CDATA[18:59:05.006 [main] INFO org.springframework.jdbc.datasource.embedded.EmbeddedDatabaseFactory -- Starting embedded database: url='jdbc:h2:mem:testdb_445773659583958;DB_CLOSE_DELAY=-1;DB_CLOSE_ON_EXIT=false', username='sa'
18:59:05.016 [main] INFO com.ai.customerservice.dal.ChatHistoryDao -- Updated ChatHistory id=1 transferredToHuman to true
]]></system-out>
  </testcase>
  <testcase name="findPage_withUsernameFilter_shouldReturnFilteredResults" classname="com.ai.customerservice.dal.ChatHistoryDaoTest" time="0.025">
    <system-out><![CDATA[18:59:05.020 [main] INFO org.springframework.jdbc.datasource.embedded.EmbeddedDatabaseFactory -- Starting embedded database: url='jdbc:h2:mem:testdb_445773673868791;DB_CLOSE_DELAY=-1;DB_CLOSE_ON_EXIT=false', username='sa'
]]></system-out>
  </testcase>
  <testcase name="findPage_withStatusFilter_shouldReturnFilteredResults" classname="com.ai.customerservice.dal.ChatHistoryDaoTest" time="0.006">
    <system-out><![CDATA[18:59:05.045 [main] INFO org.springframework.jdbc.datasource.embedded.EmbeddedDatabaseFactory -- Starting embedded database: url='jdbc:h2:mem:testdb_445773698941125;DB_CLOSE_DELAY=-1;DB_CLOSE_ON_EXIT=false', username='sa'
]]></system-out>
  </testcase>
  <testcase name="findPage_simple_shouldReturnPaginatedResults" classname="com.ai.customerservice.dal.ChatHistoryDaoTest" time="0.014">
    <system-out><![CDATA[18:59:05.051 [main] INFO org.springframework.jdbc.datasource.embedded.EmbeddedDatabaseFactory -- Starting embedded database: url='jdbc:h2:mem:testdb_445773704924833;DB_CLOSE_DELAY=-1;DB_CLOSE_ON_EXIT=false', username='sa'
]]></system-out>
  </testcase>
  <testcase name="findBySessionId_shouldReturnPresentWhenExists" classname="com.ai.customerservice.dal.ChatHistoryDaoTest" time="0.003">
    <system-out><![CDATA[18:59:05.066 [main] INFO org.springframework.jdbc.datasource.embedded.EmbeddedDatabaseFactory -- Starting embedded database: url='jdbc:h2:mem:testdb_445773719537041;DB_CLOSE_DELAY=-1;DB_CLOSE_ON_EXIT=false', username='sa'
]]></system-out>
  </testcase>
  <testcase name="updateStatus_shouldReturnZeroForNonExistentId" classname="com.ai.customerservice.dal.ChatHistoryDaoTest" time="0.004">
    <system-out><![CDATA[18:59:05.069 [main] INFO org.springframework.jdbc.datasource.embedded.EmbeddedDatabaseFactory -- Starting embedded database: url='jdbc:h2:mem:testdb_445773723201500;DB_CLOSE_DELAY=-1;DB_CLOSE_ON_EXIT=false', username='sa'
18:59:05.073 [main] INFO com.ai.customerservice.dal.ChatHistoryDao -- Updated ChatHistory id=99999 status to 已闭环
]]></system-out>
  </testcase>
  <testcase name="findBySessionId_shouldReturnEmptyWhenNotExists" classname="com.ai.customerservice.dal.ChatHistoryDaoTest" time="0.003">
    <system-out><![CDATA[18:59:05.073 [main] INFO org.springframework.jdbc.datasource.embedded.EmbeddedDatabaseFactory -- Starting embedded database: url='jdbc:h2:mem:testdb_445773727198125;DB_CLOSE_DELAY=-1;DB_CLOSE_ON_EXIT=false', username='sa'
]]></system-out>
  </testcase>
  <testcase name="countTransferredToHuman_shouldReturnCorrectCount" classname="com.ai.customerservice.dal.ChatHistoryDaoTest" time="0.005">
    <system-out><![CDATA[18:59:05.077 [main] INFO org.springframework.jdbc.datasource.embedded.EmbeddedDatabaseFactory -- Starting embedded database: url='jdbc:h2:mem:testdb_445773730426416;DB_CLOSE_DELAY=-1;DB_CLOSE_ON_EXIT=false', username='sa'
]]></system-out>
  </testcase>
  <testcase name="deleteById_shouldDeleteSuccessfully" classname="com.ai.customerservice.dal.ChatHistoryDaoTest" time="0.004">
    <system-out><![CDATA[18:59:05.082 [main] INFO org.springframework.jdbc.datasource.embedded.EmbeddedDatabaseFactory -- Starting embedded database: url='jdbc:h2:mem:testdb_445773735406041;DB_CLOSE_DELAY=-1;DB_CLOSE_ON_EXIT=false', username='sa'
18:59:05.085 [main] INFO com.ai.customerservice.dal.ChatHistoryDao -- Deleted ChatHistory id=1
]]></system-out>
  </testcase>
  <testcase name="findByUsername_shouldReturnMatchingRecords" classname="com.ai.customerservice.dal.ChatHistoryDaoTest" time="0.005">
    <system-out><![CDATA[18:59:05.086 [main] INFO org.springframework.jdbc.datasource.embedded.EmbeddedDatabaseFactory -- Starting embedded database: url='jdbc:h2:mem:testdb_445773739652541;DB_CLOSE_DELAY=-1;DB_CLOSE_ON_EXIT=false', username='sa'
]]></system-out>
  </testcase>
  <testcase name="findByStatus_shouldReturnMatchingRecords" classname="com.ai.customerservice.dal.ChatHistoryDaoTest" time="0.004">
    <system-out><![CDATA[18:59:05.091 [main] INFO org.springframework.jdbc.datasource.embedded.EmbeddedDatabaseFactory -- Starting embedded database: url='jdbc:h2:mem:testdb_445773744718750;DB_CLOSE_DELAY=-1;DB_CLOSE_ON_EXIT=false', username='sa'
]]></system-out>
  </testcase>
  <testcase name="findPage_emptyResult_shouldReturnZeroTotal" classname="com.ai.customerservice.dal.ChatHistoryDaoTest" time="0.004">
    <system-out><![CDATA[18:59:05.095 [main] INFO org.springframework.jdbc.datasource.embedded.EmbeddedDatabaseFactory -- Starting embedded database: url='jdbc:h2:mem:testdb_445773749210041;DB_CLOSE_DELAY=-1;DB_CLOSE_ON_EXIT=false', username='sa'
]]></system-out>
  </testcase>
  <testcase name="findAll_shouldReturnAllRecords" classname="com.ai.customerservice.dal.ChatHistoryDaoTest" time="0.004">
    <system-out><![CDATA[18:59:05.100 [main] INFO org.springframework.jdbc.datasource.embedded.EmbeddedDatabaseFactory -- Starting embedded database: url='jdbc:h2:mem:testdb_445773753819000;DB_CLOSE_DELAY=-1;DB_CLOSE_ON_EXIT=false', username='sa'
]]></system-out>
  </testcase>
  <testcase name="findById_shouldReturnPresentWhenExists" classname="com.ai.customerservice.dal.ChatHistoryDaoTest" time="0.004">
    <system-out><![CDATA[18:59:05.105 [main] INFO org.springframework.jdbc.datasource.embedded.EmbeddedDatabaseFactory -- Starting embedded database: url='jdbc:h2:mem:testdb_445773758326666;DB_CLOSE_DELAY=-1;DB_CLOSE_ON_EXIT=false', username='sa'
]]></system-out>
  </testcase>
  <testcase name="countByStatus_shouldReturnCorrectCount" classname="com.ai.customerservice.dal.ChatHistoryDaoTest" time="0.004">
    <system-out><![CDATA[18:59:05.108 [main] INFO org.springframework.jdbc.datasource.embedded.EmbeddedDatabaseFactory -- Starting embedded database: url='jdbc:h2:mem:testdb_445773762062375;DB_CLOSE_DELAY=-1;DB_CLOSE_ON_EXIT=false', username='sa'
]]></system-out>
  </testcase>
  <testcase name="findPage_withBothFilters_shouldReturnFilteredResults" classname="com.ai.customerservice.dal.ChatHistoryDaoTest" time="0.004">
    <system-out><![CDATA[18:59:05.113 [main] INFO org.springframework.jdbc.datasource.embedded.EmbeddedDatabaseFactory -- Starting embedded database: url='jdbc:h2:mem:testdb_445773766851791;DB_CLOSE_DELAY=-1;DB_CLOSE_ON_EXIT=false', username='sa'
]]></system-out>
  </testcase>
  <testcase name="findByUsername_shouldReturnEmptyForNoMatch" classname="com.ai.customerservice.dal.ChatHistoryDaoTest" time="0.009">
    <system-out><![CDATA[18:59:05.118 [main] INFO org.springframework.jdbc.datasource.embedded.EmbeddedDatabaseFactory -- Starting embedded database: url='jdbc:h2:mem:testdb_445773771428166;DB_CLOSE_DELAY=-1;DB_CLOSE_ON_EXIT=false', username='sa'
]]></system-out>
  </testcase>
  <testcase name="deleteById_shouldReturnZeroForNonExistentId" classname="com.ai.customerservice.dal.ChatHistoryDaoTest" time="0.003">
    <system-out><![CDATA[18:59:05.127 [main] INFO org.springframework.jdbc.datasource.embedded.EmbeddedDatabaseFactory -- Starting embedded database: url='jdbc:h2:mem:testdb_445773780384916;DB_CLOSE_DELAY=-1;DB_CLOSE_ON_EXIT=false', username='sa'
18:59:05.128 [main] INFO com.ai.customerservice.dal.ChatHistoryDao -- Deleted ChatHistory id=99999
]]></system-out>
  </testcase>
  <testcase name="updateStatus_shouldUpdateSuccessfully" classname="com.ai.customerservice.dal.ChatHistoryDaoTest" time="0.004">
    <system-out><![CDATA[18:59:05.129 [main] INFO org.springframework.jdbc.datasource.embedded.EmbeddedDatabaseFactory -- Starting embedded database: url='jdbc:h2:mem:testdb_445773782693958;DB_CLOSE_DELAY=-1;DB_CLOSE_ON_EXIT=false', username='sa'
18:59:05.133 [main] INFO com.ai.customerservice.dal.ChatHistoryDao -- Updated ChatHistory id=1 status to 已闭环
]]></system-out>
  </testcase>
</testsuite>